# JRE version: Java(TM) SE Runtime Environment (8.0_191-b12) (build 1.8.0_191-b12)
# Java VM: Java HotSpot(TM) 64-Bit Server VM (25.191-b12 mixed mode windows-amd64 compressed oops)
Heap:
 PSYoungGen      total 29184K, used 2544K [0x00000000eab00000, 0x00000000ecc00000, 0x0000000100000000)
  eden space 25600K, 0% used [0x00000000eab00000,0x00000000eab00000,0x00000000ec400000)
  from space 3584K, 71% used [0x00000000ec880000,0x00000000ecafc298,0x00000000ecc00000)
  to   space 4096K, 0% used [0x00000000ec400000,0x00000000ec400000,0x00000000ec800000)
 ParOldGen       total 68608K, used 55306K [0x00000000c0000000, 0x00000000c4300000, 0x00000000eab00000)
  object space 68608K, 80% used [0x00000000c0000000,0x00000000c3602808,0x00000000c4300000)
 Metaspace       used 55677K, capacity 58947K, committed 59028K, reserved 1101824K
  class space    used 5857K, capacity 6839K, committed 6912K, reserved 1048576K
GC Heap History (10 events):
Event: 6.981 GC heap after
Heap after GC invocations=40 (full 2):
 PSYoungGen      total 27648K, used 4056K [0x00000000eab00000, 0x00000000ecc00000, 0x0000000100000000)
  eden space 23552K, 0% used [0x00000000eab00000,0x00000000eab00000,0x00000000ec200000)
  from space 4096K, 99% used [0x00000000ec800000,0x00000000ecbf60e0,0x00000000ecc00000)
  to   space 5120K, 0% used [0x00000000ec200000,0x00000000ec200000,0x00000000ec700000)
 ParOldGen       total 68608K, used 52984K [0x00000000c0000000, 0x00000000c4300000, 0x00000000eab00000)
  object space 68608K, 77% used [0x00000000c0000000,0x00000000c33be140,0x00000000c4300000)
 Metaspace       used 55141K, capacity 58448K, committed 58496K, reserved 1101824K
  class space    used 5804K, capacity 6784K, committed 6784K, reserved 1048576K
}
Event: 7.041 GC heap before
{Heap before GC invocations=41 (full 2):
 PSYoungGen      total 27648K, used 27608K [0x00000000eab00000, 0x00000000ecc00000, 0x0000000100000000)
  eden space 23552K, 100% used [0x00000000eab00000,0x00000000ec200000,0x00000000ec200000)
  from space 4096K, 99% used [0x00000000ec800000,0x00000000ecbf60e0,0x00000000ecc00000)
  to   space 5120K, 0% used [0x00000000ec200000,0x00000000ec200000,0x00000000ec700000)
 ParOldGen       total 68608K, used 52984K [0x00000000c0000000, 0x00000000c4300000, 0x00000000eab00000)
  object space 68608K, 77% used [0x00000000c0000000,0x00000000c33be140,0x00000000c4300000)
 Metaspace       used 55263K, capacity 58524K, committed 58880K, reserved 1101824K
  class space    used 5814K, capacity 6786K, committed 6912K, reserved 1048576K
Event: 7.045 GC heap after
Heap after GC invocations=41 (full 2):
 PSYoungGen      total 28672K, used 3620K [0x00000000eab00000, 0x00000000ecc00000, 0x0000000100000000)
  eden space 23552K, 0% used [0x00000000eab00000,0x00000000eab00000,0x00000000ec200000)
  from space 5120K, 70% used [0x00000000ec200000,0x00000000ec5891b8,0x00000000ec700000)
  to   space 4096K, 0% used [0x00000000ec800000,0x00000000ec800000,0x00000000ecc00000)
 ParOldGen       total 68608K, used 52992K [0x00000000c0000000, 0x00000000c4300000, 0x00000000eab00000)
  object space 68608K, 77% used [0x00000000c0000000,0x00000000c33c0140,0x00000000c4300000)
 Metaspace       used 55263K, capacity 58524K, committed 58880K, reserved 1101824K
  class space    used 5814K, capacity 6786K, committed 6912K, reserved 1048576K
}
Event: 7.176 GC heap before
{Heap before GC invocations=42 (full 2):
 PSYoungGen      total 28672K, used 27172K [0x00000000eab00000, 0x00000000ecc00000, 0x0000000100000000)
  eden space 23552K, 100% used [0x00000000eab00000,0x00000000ec200000,0x00000000ec200000)
  from space 5120K, 70% used [0x00000000ec200000,0x00000000ec5891b8,0x00000000ec700000)
  to   space 4096K, 0% used [0x00000000ec800000,0x00000000ec800000,0x00000000ecc00000)
 ParOldGen       total 68608K, used 52992K [0x00000000c0000000, 0x00000000c4300000, 0x00000000eab00000)
  object space 68608K, 77% used [0x00000000c0000000,0x00000000c33c0140,0x00000000c4300000)
 Metaspace       used 55400K, capacity 58684K, committed 58880K, reserved 1101824K
  class space    used 5827K, capacity 6818K, committed 6912K, reserved 1048576K
Event: 7.179 GC heap after
Heap after GC invocations=42 (full 2):
 PSYoungGen      total 28672K, used 4073K [0x00000000eab00000, 0x00000000ecc00000, 0x0000000100000000)
  eden space 24576K, 0% used [0x00000000eab00000,0x00000000eab00000,0x00000000ec300000)
  from space 4096K, 99% used [0x00000000ec800000,0x00000000ecbfa778,0x00000000ecc00000)
  to   space 4608K, 0% used [0x00000000ec300000,0x00000000ec300000,0x00000000ec780000)
 ParOldGen       total 68608K, used 53263K [0x00000000c0000000, 0x00000000c4300000, 0x00000000eab00000)
  object space 68608K, 77% used [0x00000000c0000000,0x00000000c3403f60,0x00000000c4300000)
 Metaspace       used 55400K, capacity 58684K, committed 58880K, reserved 1101824K
  class space    used 5827K, capacity 6818K, committed 6912K, reserved 1048576K
}
Event: 7.264 GC heap before
{Heap before GC invocations=43 (full 2):
 PSYoungGen      total 28672K, used 28649K [0x00000000eab00000, 0x00000000ecc00000, 0x0000000100000000)
  eden space 24576K, 100% used [0x00000000eab00000,0x00000000ec300000,0x00000000ec300000)
  from space 4096K, 99% used [0x00000000ec800000,0x00000000ecbfa778,0x00000000ecc00000)
  to   space 4608K, 0% used [0x00000000ec300000,0x00000000ec300000,0x00000000ec780000)
 ParOldGen       total 68608K, used 53263K [0x00000000c0000000, 0x00000000c4300000, 0x00000000eab00000)
  object space 68608K, 77% used [0x00000000c0000000,0x00000000c3403f60,0x00000000c4300000)
 Metaspace       used 55666K, capacity 58924K, committed 59028K, reserved 1101824K
  class space    used 5854K, capacity 6834K, committed 6912K, reserved 1048576K
Event: 7.268 GC heap after
Heap after GC invocations=43 (full 2):
 PSYoungGen      total 28672K, used 4580K [0x00000000eab00000, 0x00000000ece80000, 0x0000000100000000)
  eden space 24064K, 0% used [0x00000000eab00000,0x00000000eab00000,0x00000000ec280000)
  from space 4608K, 99% used [0x00000000ec300000,0x00000000ec779060,0x00000000ec780000)
  to   space 6144K, 0% used [0x00000000ec880000,0x00000000ec880000,0x00000000ece80000)
 ParOldGen       total 68608K, used 54168K [0x00000000c0000000, 0x00000000c4300000, 0x00000000eab00000)
  object space 68608K, 78% used [0x00000000c0000000,0x00000000c34e6328,0x00000000c4300000)
 Metaspace       used 55666K, capacity 58924K, committed 59028K, reserved 1101824K
  class space    used 5854K, capacity 6834K, committed 6912K, reserved 1048576K
}
Event: 7.299 GC heap before
{Heap before GC invocations=44 (full 2):
 PSYoungGen      total 28672K, used 12383K [0x00000000eab00000, 0x00000000ece80000, 0x0000000100000000)
  eden space 24064K, 32% used [0x00000000eab00000,0x00000000eb29ee18,0x00000000ec280000)
  from space 4608K, 99% used [0x00000000ec300000,0x00000000ec779060,0x00000000ec780000)
  to   space 6144K, 0% used [0x00000000ec880000,0x00000000ec880000,0x00000000ece80000)
 ParOldGen       total 68608K, used 54168K [0x00000000c0000000, 0x00000000c4300000, 0x00000000eab00000)
  object space 68608K, 78% used [0x00000000c0000000,0x00000000c34e6328,0x00000000c4300000)
 Metaspace       used 55677K, capacity 58947K, committed 59028K, reserved 1101824K
  class space    used 5857K, capacity 6839K, committed 6912K, reserved 1048576K
Event: 7.303 GC heap after
Heap after GC invocations=44 (full 2):
 PSYoungGen      total 29184K, used 2544K [0x00000000eab00000, 0x00000000ecc00000, 0x0000000100000000)
  eden space 25600K, 0% used [0x00000000eab00000,0x00000000eab00000,0x00000000ec400000)
  from space 3584K, 71% used [0x00000000ec880000,0x00000000ecafc298,0x00000000ecc00000)
  to   space 4096K, 0% used [0x00000000ec400000,0x00000000ec400000,0x00000000ec800000)
 ParOldGen       total 68608K, used 55306K [0x00000000c0000000, 0x00000000c4300000, 0x00000000eab00000)
  object space 68608K, 80% used [0x00000000c0000000,0x00000000c3602808,0x00000000c4300000)
 Metaspace       used 55677K, capacity 58947K, committed 59028K, reserved 1101824K
  class space    used 5857K, capacity 6839K, committed 6912K, reserved 1048576K
}
Event: 7.303 GC heap before
{Heap before GC invocations=45 (full 3):
 PSYoungGen      total 29184K, used 2544K [0x00000000eab00000, 0x00000000ecc00000, 0x0000000100000000)
  eden space 25600K, 0% used [0x00000000eab00000,0x00000000eab00000,0x00000000ec400000)
  from space 3584K, 71% used [0x00000000ec880000,0x00000000ecafc298,0x00000000ecc00000)
  to   space 4096K, 0% used [0x00000000ec400000,0x00000000ec400000,0x00000000ec800000)
 ParOldGen       total 68608K, used 55306K [0x00000000c0000000, 0x00000000c4300000, 0x00000000eab00000)
  object space 68608K, 80% used [0x00000000c0000000,0x00000000c3602808,0x00000000c4300000)
 Metaspace       used 55677K, capacity 58947K, committed 59028K, reserved 1101824K
  class space    used 5857K, capacity 6839K, committed 6912K, reserved 1048576K

