# JRE version: Java(TM) SE Runtime Environment (8.0_191-b12) (build 1.8.0_191-b12)
# Java VM: Java HotSpot(TM) 64-Bit Server VM (25.191-b12 mixed mode windows-amd64 compressed oops)
Heap:
 PSYoungGen      total 27136K, used 6400K [0x00000000eab00000, 0x00000000ecd00000, 0x0000000100000000)
  eden space 20480K, 0% used [0x00000000eab00000,0x00000000eab00000,0x00000000ebf00000)
  from space 6656K, 96% used [0x00000000ebf00000,0x00000000ec540000,0x00000000ec580000)
  to   space 7168K, 0% used [0x00000000ec600000,0x00000000ec600000,0x00000000ecd00000)
 ParOldGen       total 93184K, used 92950K [0x00000000c0000000, 0x00000000c5b00000, 0x00000000eab00000)
  object space 93184K, 99% used [0x00000000c0000000,0x00000000c5ac5880,0x00000000c5b00000)
 Metaspace       used 68198K, capacity 72600K, committed 72832K, reserved 1114112K
  class space    used 6840K, capacity 8030K, committed 8064K, reserved 1048576K
GC Heap History (10 events):
Event: 532.514 GC heap after
Heap after GC invocations=239 (full 12):
 PSYoungGen      total 29184K, used 6096K [0x00000000eab00000, 0x00000000ecd80000, 0x0000000100000000)
  eden space 23040K, 0% used [0x00000000eab00000,0x00000000eab00000,0x00000000ec180000)
  from space 6144K, 99% used [0x00000000ec180000,0x00000000ec774010,0x00000000ec780000)
  to   space 6144K, 0% used [0x00000000ec780000,0x00000000ec780000,0x00000000ecd80000)
 ParOldGen       total 93184K, used 88420K [0x00000000c0000000, 0x00000000c5b00000, 0x00000000eab00000)
  object space 93184K, 94% used [0x00000000c0000000,0x00000000c56593a8,0x00000000c5b00000)
 Metaspace       used 66588K, capacity 70806K, committed 70912K, reserved 1112064K
  class space    used 6724K, capacity 7854K, committed 7936K, reserved 1048576K
}
Event: 532.994 GC heap before
{Heap before GC invocations=240 (full 12):
 PSYoungGen      total 29184K, used 29136K [0x00000000eab00000, 0x00000000ecd80000, 0x0000000100000000)
  eden space 23040K, 100% used [0x00000000eab00000,0x00000000ec180000,0x00000000ec180000)
  from space 6144K, 99% used [0x00000000ec180000,0x00000000ec774010,0x00000000ec780000)
  to   space 6144K, 0% used [0x00000000ec780000,0x00000000ec780000,0x00000000ecd80000)
 ParOldGen       total 93184K, used 88420K [0x00000000c0000000, 0x00000000c5b00000, 0x00000000eab00000)
  object space 93184K, 94% used [0x00000000c0000000,0x00000000c56593a8,0x00000000c5b00000)
 Metaspace       used 66878K, capacity 71182K, committed 71424K, reserved 1112064K
  class space    used 6749K, capacity 7894K, committed 7936K, reserved 1048576K
Event: 533.000 GC heap after
Heap after GC invocations=240 (full 12):
 PSYoungGen      total 27136K, used 6144K [0x00000000eab00000, 0x00000000ed180000, 0x0000000100000000)
  eden space 20992K, 0% used [0x00000000eab00000,0x00000000eab00000,0x00000000ebf80000)
  from space 6144K, 100% used [0x00000000ec780000,0x00000000ecd80000,0x00000000ecd80000)
  to   space 8192K, 0% used [0x00000000ebf80000,0x00000000ebf80000,0x00000000ec780000)
 ParOldGen       total 93184K, used 89858K [0x00000000c0000000, 0x00000000c5b00000, 0x00000000eab00000)
  object space 93184K, 96% used [0x00000000c0000000,0x00000000c57c0830,0x00000000c5b00000)
 Metaspace       used 66878K, capacity 71182K, committed 71424K, reserved 1112064K
  class space    used 6749K, capacity 7894K, committed 7936K, reserved 1048576K
}
Event: 533.181 GC heap before
{Heap before GC invocations=241 (full 12):
 PSYoungGen      total 27136K, used 27136K [0x00000000eab00000, 0x00000000ed180000, 0x0000000100000000)
  eden space 20992K, 100% used [0x00000000eab00000,0x00000000ebf80000,0x00000000ebf80000)
  from space 6144K, 100% used [0x00000000ec780000,0x00000000ecd80000,0x00000000ecd80000)
  to   space 8192K, 0% used [0x00000000ebf80000,0x00000000ebf80000,0x00000000ec780000)
 ParOldGen       total 93184K, used 89858K [0x00000000c0000000, 0x00000000c5b00000, 0x00000000eab00000)
  object space 93184K, 96% used [0x00000000c0000000,0x00000000c57c0830,0x00000000c5b00000)
 Metaspace       used 67965K, capacity 72362K, committed 72576K, reserved 1114112K
  class space    used 6824K, capacity 7981K, committed 8064K, reserved 1048576K
Event: 533.187 GC heap after
Heap after GC invocations=241 (full 12):
 PSYoungGen      total 28160K, used 6906K [0x00000000eab00000, 0x00000000ecd80000, 0x0000000100000000)
  eden space 20992K, 0% used [0x00000000eab00000,0x00000000eab00000,0x00000000ebf80000)
  from space 7168K, 96% used [0x00000000ebf80000,0x00000000ec63e910,0x00000000ec680000)
  to   space 7168K, 0% used [0x00000000ec680000,0x00000000ec680000,0x00000000ecd80000)
 ParOldGen       total 93184K, used 91159K [0x00000000c0000000, 0x00000000c5b00000, 0x00000000eab00000)
  object space 93184K, 97% used [0x00000000c0000000,0x00000000c5905fa0,0x00000000c5b00000)
 Metaspace       used 67965K, capacity 72362K, committed 72576K, reserved 1114112K
  class space    used 6824K, capacity 7981K, committed 8064K, reserved 1048576K
}
Event: 772.027 GC heap before
{Heap before GC invocations=242 (full 12):
 PSYoungGen      total 28160K, used 27884K [0x00000000eab00000, 0x00000000ecd80000, 0x0000000100000000)
  eden space 20992K, 99% used [0x00000000eab00000,0x00000000ebf7c768,0x00000000ebf80000)
  from space 7168K, 96% used [0x00000000ebf80000,0x00000000ec63e910,0x00000000ec680000)
  to   space 7168K, 0% used [0x00000000ec680000,0x00000000ec680000,0x00000000ecd80000)
 ParOldGen       total 93184K, used 91159K [0x00000000c0000000, 0x00000000c5b00000, 0x00000000eab00000)
  object space 93184K, 97% used [0x00000000c0000000,0x00000000c5905fa0,0x00000000c5b00000)
 Metaspace       used 68178K, capacity 72600K, committed 72832K, reserved 1114112K
  class space    used 6840K, capacity 8030K, committed 8064K, reserved 1048576K
Event: 772.031 GC heap after
Heap after GC invocations=242 (full 12):
 PSYoungGen      total 27648K, used 7152K [0x00000000eab00000, 0x00000000ece80000, 0x0000000100000000)
  eden space 20480K, 0% used [0x00000000eab00000,0x00000000eab00000,0x00000000ebf00000)
  from space 7168K, 99% used [0x00000000ec680000,0x00000000ecd7c010,0x00000000ecd80000)
  to   space 7680K, 0% used [0x00000000ebf00000,0x00000000ebf00000,0x00000000ec680000)
 ParOldGen       total 93184K, used 91278K [0x00000000c0000000, 0x00000000c5b00000, 0x00000000eab00000)
  object space 93184K, 97% used [0x00000000c0000000,0x00000000c5923880,0x00000000c5b00000)
 Metaspace       used 68178K, capacity 72600K, committed 72832K, reserved 1114112K
  class space    used 6840K, capacity 8030K, committed 8064K, reserved 1048576K
}
Event: 772.155 GC heap before
{Heap before GC invocations=243 (full 12):
 PSYoungGen      total 27648K, used 27632K [0x00000000eab00000, 0x00000000ece80000, 0x0000000100000000)
  eden space 20480K, 100% used [0x00000000eab00000,0x00000000ebf00000,0x00000000ebf00000)
  from space 7168K, 99% used [0x00000000ec680000,0x00000000ecd7c010,0x00000000ecd80000)
  to   space 7680K, 0% used [0x00000000ebf00000,0x00000000ebf00000,0x00000000ec680000)
 ParOldGen       total 93184K, used 91278K [0x00000000c0000000, 0x00000000c5b00000, 0x00000000eab00000)
  object space 93184K, 97% used [0x00000000c0000000,0x00000000c5923880,0x00000000c5b00000)
 Metaspace       used 68198K, capacity 72600K, committed 72832K, reserved 1114112K
  class space    used 6840K, capacity 8030K, committed 8064K, reserved 1048576K
Event: 772.158 GC heap after
Heap after GC invocations=243 (full 12):
 PSYoungGen      total 27136K, used 6400K [0x00000000eab00000, 0x00000000ecd00000, 0x0000000100000000)
  eden space 20480K, 0% used [0x00000000eab00000,0x00000000eab00000,0x00000000ebf00000)
  from space 6656K, 96% used [0x00000000ebf00000,0x00000000ec540000,0x00000000ec580000)
  to   space 7168K, 0% used [0x00000000ec600000,0x00000000ec600000,0x00000000ecd00000)
 ParOldGen       total 93184K, used 92950K [0x00000000c0000000, 0x00000000c5b00000, 0x00000000eab00000)
  object space 93184K, 99% used [0x00000000c0000000,0x00000000c5ac5880,0x00000000c5b00000)
 Metaspace       used 68198K, capacity 72600K, committed 72832K, reserved 1114112K
  class space    used 6840K, capacity 8030K, committed 8064K, reserved 1048576K
}
Event: 772.158 GC heap before
{Heap before GC invocations=244 (full 13):
 PSYoungGen      total 27136K, used 6400K [0x00000000eab00000, 0x00000000ecd00000, 0x0000000100000000)
  eden space 20480K, 0% used [0x00000000eab00000,0x00000000eab00000,0x00000000ebf00000)
  from space 6656K, 96% used [0x00000000ebf00000,0x00000000ec540000,0x00000000ec580000)
  to   space 7168K, 0% used [0x00000000ec600000,0x00000000ec600000,0x00000000ecd00000)
 ParOldGen       total 93184K, used 92950K [0x00000000c0000000, 0x00000000c5b00000, 0x00000000eab00000)
  object space 93184K, 99% used [0x00000000c0000000,0x00000000c5ac5880,0x00000000c5b00000)
 Metaspace       used 68198K, capacity 72600K, committed 72832K, reserved 1114112K
  class space    used 6840K, capacity 8030K, committed 8064K, reserved 1048576K

